Flow report for Semana9
Sun Sep 15 20:39:21 2024
Quartus II 32-bit Version 13.0.1 Build 232 06/12/2013 Service Pack 1 SJ Web Edition


---------------------
; Table of Contents ;
---------------------
  1. Legal Notice
  2. Flow Summary
  3. Flow Settings
  4. Flow Non-Default Global Settings
  5. Flow Elapsed Time
  6. Flow OS Summary
  7. Flow Log
  8. Flow Messages
  9. Flow Suppressed Messages



----------------
; Legal Notice ;
----------------
Copyright (C) 1991-2013 Altera Corporation
Your use of Altera Corporation's design tools, logic functions 
and other software and tools, and its AMPP partner logic 
functions, and any output files from any of the foregoing 
(including device programming or simulation files), and any 
associated documentation or information are expressly subject 
to the terms and conditions of the Altera Program License 
Subscription Agreement, Altera MegaCore Function License 
Agreement, or other applicable license agreement, including, 
without limitation, that your use is for the sole purpose of 
programming logic devices manufactured by Altera and sold by 
Altera or its authorized distributors.  Please refer to the 
applicable agreement for further details.



+--------------------------------------------------------------------------------------+
; Flow Summary                                                                         ;
+------------------------------------+-------------------------------------------------+
; Flow Status                        ; Successful - Sun Sep 15 20:39:20 2024           ;
; Quartus II 32-bit Version          ; 13.0.1 Build 232 06/12/2013 SP 1 SJ Web Edition ;
; Revision Name                      ; Semana9                                         ;
; Top-level Entity Name              ; dmem                                            ;
; Family                             ; Cyclone IV GX                                   ;
; Total logic elements               ; 2,448 / 21,280 ( 12 % )                         ;
;     Total combinational functions  ; 1,424 / 21,280 ( 7 % )                          ;
;     Dedicated logic registers      ; 2,048 / 21,280 ( 10 % )                         ;
; Total registers                    ; 2048                                            ;
; Total pins                         ; 98 / 167 ( 59 % )                               ;
; Total virtual pins                 ; 0                                               ;
; Total memory bits                  ; 0 / 774,144 ( 0 % )                             ;
; Embedded Multiplier 9-bit elements ; 0 / 80 ( 0 % )                                  ;
; Total GXB Receiver Channel PCS     ; 0 / 4 ( 0 % )                                   ;
; Total GXB Receiver Channel PMA     ; 0 / 4 ( 0 % )                                   ;
; Total GXB Transmitter Channel PCS  ; 0 / 4 ( 0 % )                                   ;
; Total GXB Transmitter Channel PMA  ; 0 / 4 ( 0 % )                                   ;
; Total PLLs                         ; 0 / 4 ( 0 % )                                   ;
; Device                             ; EP4CGX22CF19C6                                  ;
; Timing Models                      ; Final                                           ;
+------------------------------------+-------------------------------------------------+


+-----------------------------------------+
; Flow Settings                           ;
+-------------------+---------------------+
; Option            ; Setting             ;
+-------------------+---------------------+
; Start date & time ; 09/15/2024 20:26:03 ;
; Main task         ; Compilation         ;
; Revision Name     ; Semana9             ;
+-------------------+---------------------+


+----------------------------------------------------------------------------------------------------------------------+
; Flow Non-Default Global Settings                                                                                     ;
+-------------------------------------+---------------------------------+---------------+-------------+----------------+
; Assignment Name                     ; Value                           ; Default Value ; Entity Name ; Section Id     ;
+-------------------------------------+---------------------------------+---------------+-------------+----------------+
; COMPILER_SIGNATURE_ID               ; 154691454027257.172644276307192 ; --            ; --          ; --             ;
; EDA_GENERATE_FUNCTIONAL_NETLIST     ; On                              ; --            ; --          ; eda_simulation ;
; EDA_OUTPUT_DATA_FORMAT              ; Verilog Hdl                     ; --            ; --          ; eda_simulation ;
; EDA_SIMULATION_TOOL                 ; ModelSim-Altera (Verilog)       ; <None>        ; --          ; --             ;
; EDA_TIME_SCALE                      ; 1 ps                            ; --            ; --          ; eda_simulation ;
; PARTITION_COLOR                     ; 16764057                        ; --            ; dmem        ; Top            ;
; PARTITION_FITTER_PRESERVATION_LEVEL ; PLACEMENT_AND_ROUTING           ; --            ; dmem        ; Top            ;
; PARTITION_NETLIST_TYPE              ; SOURCE                          ; --            ; dmem        ; Top            ;
; PROJECT_OUTPUT_DIRECTORY            ; output_files                    ; --            ; --          ; --             ;
; TOP_LEVEL_ENTITY                    ; dmem                            ; Semana9       ; --          ; --             ;
+-------------------------------------+---------------------------------+---------------+-------------+----------------+


+-------------------------------------------------------------------------------------------------------------------------------+
; Flow Elapsed Time                                                                                                             ;
+---------------------------+--------------+-------------------------+---------------------+------------------------------------+
; Module Name               ; Elapsed Time ; Average Processors Used ; Peak Virtual Memory ; Total CPU Time (on all processors) ;
+---------------------------+--------------+-------------------------+---------------------+------------------------------------+
; Analysis & Synthesis      ; 00:00:04     ; 1.0                     ; 391 MB              ; 00:00:02                           ;
; Fitter                    ; 00:00:15     ; 1.0                     ; 635 MB              ; 00:00:10                           ;
; Assembler                 ; 00:00:03     ; 1.0                     ; 403 MB              ; 00:00:02                           ;
; TimeQuest Timing Analyzer ; 00:00:05     ; 1.0                     ; 422 MB              ; 00:00:03                           ;
; EDA Netlist Writer        ; 00:00:03     ; 1.0                     ; 355 MB              ; 00:00:01                           ;
; EDA Netlist Writer        ; 00:00:01     ; 1.0                     ; 356 MB              ; 00:00:00                           ;
; EDA Netlist Writer        ; 00:00:02     ; 1.0                     ; 374 MB              ; 00:00:01                           ;
; Total                     ; 00:00:33     ; --                      ; --                  ; 00:00:19                           ;
+---------------------------+--------------+-------------------------+---------------------+------------------------------------+


+----------------------------------------------------------------------------------------+
; Flow OS Summary                                                                        ;
+---------------------------+------------------+-----------+------------+----------------+
; Module Name               ; Machine Hostname ; OS Name   ; OS Version ; Processor type ;
+---------------------------+------------------+-----------+------------+----------------+
; Analysis & Synthesis      ; Jnt_Dev          ; Windows 7 ; 6.2        ; x86_64         ;
; Fitter                    ; Jnt_Dev          ; Windows 7 ; 6.2        ; x86_64         ;
; Assembler                 ; Jnt_Dev          ; Windows 7 ; 6.2        ; x86_64         ;
; TimeQuest Timing Analyzer ; Jnt_Dev          ; Windows 7 ; 6.2        ; x86_64         ;
; EDA Netlist Writer        ; Jnt_Dev          ; Windows 7 ; 6.2        ; x86_64         ;
; EDA Netlist Writer        ; Jnt_Dev          ; Windows 7 ; 6.2        ; x86_64         ;
; EDA Netlist Writer        ; Jnt_Dev          ; Windows 7 ; 6.2        ; x86_64         ;
+---------------------------+------------------+-----------+------------+----------------+


------------
; Flow Log ;
------------
quartus_map --read_settings_files=on --write_settings_files=off Semana9 -c Semana9
quartus_fit --read_settings_files=off --write_settings_files=off Semana9 -c Semana9
quartus_asm --read_settings_files=off --write_settings_files=off Semana9 -c Semana9
quartus_sta Semana9 -c Semana9
quartus_eda --read_settings_files=off --write_settings_files=off Semana9 -c Semana9
quartus_eda --gen_testbench --check_outputs=on --tool=modelsim_oem --format=verilog Semana9 -c Semana9 --vector_source="D:/Lab. Ark1/Prática_9/dmem.vwf" --testbench_file=./simulation/qsim/Semana9.vt
quartus_eda --functional=on --simulation=on --tool=modelsim_oem --format=verilog Semana9 -c Semana9



