Flow report for Pratica12
Tue Sep 17 18:40:35 2024
Quartus II 32-bit Version 13.0.1 Build 232 06/12/2013 Service Pack 1 SJ Web Edition


---------------------
; Table of Contents ;
---------------------
  1. Legal Notice
  2. Flow Summary
  3. Flow Settings
  4. Flow Non-Default Global Settings
  5. Flow Elapsed Time
  6. Flow OS Summary
  7. Flow Log
  8. Flow Messages
  9. Flow Suppressed Messages



----------------
; Legal Notice ;
----------------
Copyright (C) 1991-2013 Altera Corporation
Your use of Altera Corporation's design tools, logic functions 
and other software and tools, and its AMPP partner logic 
functions, and any output files from any of the foregoing 
(including device programming or simulation files), and any 
associated documentation or information are expressly subject 
to the terms and conditions of the Altera Program License 
Subscription Agreement, Altera MegaCore Function License 
Agreement, or other applicable license agreement, including, 
without limitation, that your use is for the sole purpose of 
programming logic devices manufactured by Altera and sold by 
Altera or its authorized distributors.  Please refer to the 
applicable agreement for further details.



+--------------------------------------------------------------------------------------+
; Flow Summary                                                                         ;
+------------------------------------+-------------------------------------------------+
; Flow Status                        ; Successful - Tue Sep 17 18:40:35 2024           ;
; Quartus II 32-bit Version          ; 13.0.1 Build 232 06/12/2013 SP 1 SJ Web Edition ;
; Revision Name                      ; Pratica12                                       ;
; Top-level Entity Name              ; top                                             ;
; Family                             ; Cyclone IV GX                                   ;
; Total logic elements               ; 2,494 / 29,440 ( 8 % )                          ;
;     Total combinational functions  ; 2,177 / 29,440 ( 7 % )                          ;
;     Dedicated logic registers      ; 1,056 / 29,440 ( 4 % )                          ;
; Total registers                    ; 1056                                            ;
; Total pins                         ; 131 / 307 ( 43 % )                              ;
; Total virtual pins                 ; 0                                               ;
; Total memory bits                  ; 0 / 1,105,920 ( 0 % )                           ;
; Embedded Multiplier 9-bit elements ; 0 / 160 ( 0 % )                                 ;
; Total GXB Receiver Channel PCS     ; 0 / 4 ( 0 % )                                   ;
; Total GXB Receiver Channel PMA     ; 0 / 4 ( 0 % )                                   ;
; Total GXB Transmitter Channel PCS  ; 0 / 4 ( 0 % )                                   ;
; Total GXB Transmitter Channel PMA  ; 0 / 4 ( 0 % )                                   ;
; Total PLLs                         ; 0 / 6 ( 0 % )                                   ;
; Device                             ; EP4CGX30CF23C6                                  ;
; Timing Models                      ; Final                                           ;
+------------------------------------+-------------------------------------------------+


+-----------------------------------------+
; Flow Settings                           ;
+-------------------+---------------------+
; Option            ; Setting             ;
+-------------------+---------------------+
; Start date & time ; 09/17/2024 18:37:46 ;
; Main task         ; Compilation         ;
; Revision Name     ; Pratica12           ;
+-------------------+---------------------+


+----------------------------------------------------------------------------------------------------------------------+
; Flow Non-Default Global Settings                                                                                     ;
+-------------------------------------+---------------------------------+---------------+-------------+----------------+
; Assignment Name                     ; Value                           ; Default Value ; Entity Name ; Section Id     ;
+-------------------------------------+---------------------------------+---------------+-------------+----------------+
; COMPILER_SIGNATURE_ID               ; 154691454027257.172660906507240 ; --            ; --          ; --             ;
; EDA_GENERATE_FUNCTIONAL_NETLIST     ; On                              ; --            ; --          ; eda_simulation ;
; EDA_OUTPUT_DATA_FORMAT              ; Verilog Hdl                     ; --            ; --          ; eda_simulation ;
; EDA_SIMULATION_TOOL                 ; ModelSim-Altera (Verilog)       ; <None>        ; --          ; --             ;
; PARTITION_COLOR                     ; 16764057                        ; --            ; top         ; Top            ;
; PARTITION_FITTER_PRESERVATION_LEVEL ; PLACEMENT_AND_ROUTING           ; --            ; top         ; Top            ;
; PARTITION_NETLIST_TYPE              ; SOURCE                          ; --            ; top         ; Top            ;
; PROJECT_OUTPUT_DIRECTORY            ; output_files                    ; --            ; --          ; --             ;
; TOP_LEVEL_ENTITY                    ; top                             ; Pratica12     ; --          ; --             ;
+-------------------------------------+---------------------------------+---------------+-------------+----------------+


+-------------------------------------------------------------------------------------------------------------------------------+
; Flow Elapsed Time                                                                                                             ;
+---------------------------+--------------+-------------------------+---------------------+------------------------------------+
; Module Name               ; Elapsed Time ; Average Processors Used ; Peak Virtual Memory ; Total CPU Time (on all processors) ;
+---------------------------+--------------+-------------------------+---------------------+------------------------------------+
; Analysis & Synthesis      ; 00:00:12     ; 1.0                     ; 396 MB              ; 00:00:06                           ;
; Fitter                    ; 00:01:47     ; 1.0                     ; 687 MB              ; 00:01:04                           ;
; Assembler                 ; 00:00:07     ; 1.0                     ; 407 MB              ; 00:00:03                           ;
; TimeQuest Timing Analyzer ; 00:00:08     ; 1.0                     ; 444 MB              ; 00:00:04                           ;
; EDA Netlist Writer        ; 00:00:05     ; 1.0                     ; 366 MB              ; 00:00:01                           ;
; EDA Netlist Writer        ; 00:00:01     ; 1.0                     ; 372 MB              ; 00:00:01                           ;
; EDA Netlist Writer        ; 00:00:05     ; 1.0                     ; 374 MB              ; 00:00:01                           ;
; Total                     ; 00:02:25     ; --                      ; --                  ; 00:01:20                           ;
+---------------------------+--------------+-------------------------+---------------------+------------------------------------+


+----------------------------------------------------------------------------------------+
; Flow OS Summary                                                                        ;
+---------------------------+------------------+-----------+------------+----------------+
; Module Name               ; Machine Hostname ; OS Name   ; OS Version ; Processor type ;
+---------------------------+------------------+-----------+------------+----------------+
; Analysis & Synthesis      ; Jnt_Dev          ; Windows 7 ; 6.2        ; x86_64         ;
; Fitter                    ; Jnt_Dev          ; Windows 7 ; 6.2        ; x86_64         ;
; Assembler                 ; Jnt_Dev          ; Windows 7 ; 6.2        ; x86_64         ;
; TimeQuest Timing Analyzer ; Jnt_Dev          ; Windows 7 ; 6.2        ; x86_64         ;
; EDA Netlist Writer        ; Jnt_Dev          ; Windows 7 ; 6.2        ; x86_64         ;
; EDA Netlist Writer        ; Jnt_Dev          ; Windows 7 ; 6.2        ; x86_64         ;
; EDA Netlist Writer        ; Jnt_Dev          ; Windows 7 ; 6.2        ; x86_64         ;
+---------------------------+------------------+-----------+------------+----------------+


------------
; Flow Log ;
------------
quartus_map --read_settings_files=on --write_settings_files=off Pratica12 -c Pratica12
quartus_fit --read_settings_files=off --write_settings_files=off Pratica12 -c Pratica12
quartus_asm --read_settings_files=off --write_settings_files=off Pratica12 -c Pratica12
quartus_sta Pratica12 -c Pratica12
quartus_eda --read_settings_files=off --write_settings_files=off Pratica12 -c Pratica12
quartus_eda --gen_testbench --check_outputs=on --tool=modelsim_oem --format=verilog Pratica12 -c Pratica12 --vector_source="D:/Lab. Ark1/Prática_12/Waveform.vwf" --testbench_file=./simulation/qsim/Pratica12.vt
quartus_eda --functional=on --simulation=on --tool=modelsim_oem --format=verilog Pratica12 -c Pratica12



